<?xml version="1.0" encoding="UTF-8"?>
<!-- Generated by org.testng.reporters.JUnitXMLReporter -->
<testsuite ignored="0" hostname="Jude-Tacwel" failures="0" tests="3" name="Surefire test" time="22.22" errors="0" timestamp="2023-07-11T17:11:42 EDT">
  <testcase classname="com.naveenAutomation.FrameworkDemo.AccountLoginTest" name="validateLoginUsingInvalidVredentials" time="1.53"/>
  <testcase classname="com.naveenAutomation.FrameworkDemo.AccountLoginTest" name="validateLoginUsingValidCredentials" time="2.038"/>
  <testcase classname="com.naveenAutomation.FrameworkDemo.YourStoreTest" name="ValidateLogin" time="0.766"/>
</testsuite> <!-- Surefire test -->
