<?xml version="1.0" encoding="UTF-8"?>
<!-- Generated by org.testng.reporters.JUnitXMLReporter -->
<testsuite ignored="0" hostname="Jude-Tacwel" failures="0" tests="3" name="Surefire test" time="25.588" errors="0" timestamp="2023-07-12T18:30:03 EDT">
  <testcase classname="com.naveenAutomation.FrameworkDemo.AccountLoginTest" name="validateLoginUsingInvalidVredentials" time="1.589"/>
  <testcase classname="com.naveenAutomation.FrameworkDemo.AccountLoginTest" name="validateLoginUsingValidCredentials" time="2.563"/>
  <testcase classname="com.naveenAutomation.FrameworkDemo.YourStoreTest" name="ValidateLogin" time="0.667"/>
</testsuite> <!-- Surefire test -->
