<?xml version="1.0" encoding="UTF-8"?>
<!-- Generated by org.testng.reporters.JUnitXMLReporter -->
<testsuite ignored="2" hostname="Jude-Tacwel" failures="0" tests="1" name="Default test" time="8.635" errors="0" timestamp="2023-07-17T15:25:34 EDT">
  <testcase classname="com.naveenAutomation.FrameworkDemo.AccountLoginTest" name="validateLoginUsingInvalidVredentials" time="1.512"/>
  <testcase classname="com.naveenAutomation.FrameworkDemo.AccountLoginTest" name="validateLoginUsingValidCredentials" time="0.0">
    <ignored/>
  </testcase> <!-- validateLoginUsingValidCredentials -->
  <testcase classname="com.naveenAutomation.FrameworkDemo.AccountLoginTest" name="testfailure" time="0.0">
    <ignored/>
  </testcase> <!-- testfailure -->
</testsuite> <!-- Default test -->
