<?xml version="1.0" encoding="UTF-8"?>
<!-- Generated by org.testng.reporters.JUnitXMLReporter -->
<testsuite ignored="1" hostname="Jude-Tacwel" failures="0" tests="1" name="Default test" time="11.656" errors="0" timestamp="2023-07-12T17:54:24 EDT">
  <testcase classname="com.naveenAutomation.FrameworkDemo.AccountLoginTest" name="validateLoginUsingValidCredentials" time="3.117"/>
  <testcase classname="com.naveenAutomation.FrameworkDemo.AccountLoginTest" name="validateLoginUsingInvalidVredentials" time="0.0">
    <ignored/>
  </testcase> <!-- validateLoginUsingInvalidVredentials -->
</testsuite> <!-- Default test -->
