<?xml version="1.0" encoding="UTF-8"?>
<!-- Generated by org.testng.reporters.JUnitXMLReporter -->
<testsuite ignored="0" hostname="Jude-Tacwel" failures="2" tests="9" name="Test" time="113.271" errors="0" timestamp="2023-07-17T19:23:53 EDT">
  <testcase classname="com.naveenAutomation.FrameworkDemo.YourStoreTest" name="ValidateLogin" time="1.587"/>
  <testcase classname="com.naveenAutomation.FrameworkDemo.AccountLoginTest" name="testfailure" time="0.01">
    <skipped/>
  </testcase> <!-- testfailure -->
  <testcase classname="com.naveenAutomation.FrameworkDemo.AccountLoginTest" name="testfailure" time="0.005">
    <failure type="java.lang.AssertionError" message="expected [JudeTacwel] but found [Jude]">
      <![CDATA[java.lang.AssertionError: expected [JudeTacwel] but found [Jude]
at com.naveenAutomation.FrameworkDemo.AccountLoginTest.testfailure(AccountLoginTest.java:50)
at java.base/java.util.ArrayList.forEach(ArrayList.java:1511)
... Removed 33 stack frames]]>
    </failure>
  </testcase> <!-- testfailure -->
  <testcase classname="com.naveenAutomation.FrameworkDemo.AccountLoginTest" name="validateLoginUsingInvalidVredentials" time="14.444"/>
  <testcase classname="com.naveenAutomation.FrameworkDemo.AccountLoginTest" name="validateLoginUsingValidCredentials" time="3.8"/>
  <testcase classname="com.naveenAutomation.FrameworkDemo.MyAccountTest" name="validateLoginUsingValidCredentials" time="3.786"/>
  <testcase classname="com.naveenAutomation.FrameworkDemo.MyAccountTest" name="validateMywishPageTitle" time="3.709">
    <skipped/>
  </testcase> <!-- validateMywishPageTitle -->
  <testcase classname="com.naveenAutomation.FrameworkDemo.MyAccountTest" name="validateMywishPageTitle" time="3.919">
    <failure type="java.lang.AssertionError" message="expected [My  List] but found [My Wish List]">
      <![CDATA[java.lang.AssertionError: expected [My  List] but found [My Wish List]
at com.naveenAutomation.FrameworkDemo.MyAccountTest.validateMywishPageTitle(MyAccountTest.java:46)
at java.base/java.util.ArrayList.forEach(ArrayList.java:1511)
... Removed 33 stack frames]]>
    </failure>
  </testcase> <!-- validateMywishPageTitle -->
  <testcase classname="com.naveenAutomation.FrameworkDemo.MyWishListTest" name="clickOnMonitors" time="5.588"/>
</testsuite> <!-- Test -->
