<?xml version="1.0" encoding="UTF-8"?>
<!-- Generated by org.testng.reporters.JUnitXMLReporter -->
<testsuite ignored="2" hostname="Jude-Tacwel" failures="0" tests="1" name="Test(failed)" time="7.53" errors="0" timestamp="2023-07-17T15:33:26 EDT">
  <testcase classname="com.naveenAutomation.FrameworkDemo.AccountLoginTest" name="testfailure" time="0.019"/>
  <testcase classname="com.naveenAutomation.FrameworkDemo.AccountLoginTest" name="validateLoginUsingValidCredentials" time="0.0">
    <ignored/>
  </testcase> <!-- validateLoginUsingValidCredentials -->
  <testcase classname="com.naveenAutomation.FrameworkDemo.AccountLoginTest" name="validateLoginUsingInvalidVredentials" time="0.0">
    <ignored/>
  </testcase> <!-- validateLoginUsingInvalidVredentials -->
</testsuite> <!-- Test(failed) -->
