<?xml version="1.0" encoding="UTF-8"?>
<testng-results ignored="0" total="3" passed="3" failed="0" skipped="0">
  <reporter-output>
  </reporter-output>
  <suite started-at="2023-07-12T18:29:38 EDT" name="Surefire suite" finished-at="2023-07-12T18:30:03 EDT" duration-ms="25588">
    <groups>
    </groups>
    <test started-at="2023-07-12T18:29:38 EDT" name="Surefire test" finished-at="2023-07-12T18:30:03 EDT" duration-ms="25588">
      <class name="com.naveenAutomation.FrameworkDemo.YourStoreTest">
        <test-method is-config="true" signature="setUpLogger()[pri:0, instance:com.naveenAutomation.FrameworkDemo.YourStoreTest@4135c3b]" started-at="2023-07-12T18:29:56 EDT" name="setUpLogger" finished-at="2023-07-12T18:29:56 EDT" duration-ms="3" status="PASS">
          <reporter-output>
          </reporter-output>
        </test-method> <!-- setUpLogger -->
        <test-method is-config="true" signature="setUP()[pri:0, instance:com.naveenAutomation.FrameworkDemo.YourStoreTest@4135c3b]" started-at="2023-07-12T18:29:56 EDT" name="setUP" finished-at="2023-07-12T18:30:03 EDT" duration-ms="6315" status="PASS">
          <reporter-output>
          </reporter-output>
        </test-method> <!-- setUP -->
        <test-method signature="ValidateLogin()[pri:0, instance:com.naveenAutomation.FrameworkDemo.YourStoreTest@4135c3b]" started-at="2023-07-12T18:30:03 EDT" name="ValidateLogin" finished-at="2023-07-12T18:30:03 EDT" duration-ms="667" status="PASS">
          <reporter-output>
          </reporter-output>
        </test-method> <!-- ValidateLogin -->
      </class> <!-- com.naveenAutomation.FrameworkDemo.YourStoreTest -->
      <class name="com.naveenAutomation.FrameworkDemo.AccountLoginTest">
        <test-method is-config="true" signature="setUpLogger()[pri:0, instance:com.naveenAutomation.FrameworkDemo.AccountLoginTest@2a65fe7c]" started-at="2023-07-12T18:29:38 EDT" name="setUpLogger" finished-at="2023-07-12T18:29:38 EDT" duration-ms="128" status="PASS">
          <reporter-output>
          </reporter-output>
        </test-method> <!-- setUpLogger -->
        <test-method is-config="true" signature="setUP()[pri:0, instance:com.naveenAutomation.FrameworkDemo.AccountLoginTest@2a65fe7c]" started-at="2023-07-12T18:29:38 EDT" name="setUP" finished-at="2023-07-12T18:29:45 EDT" duration-ms="7594" status="PASS">
          <reporter-output>
          </reporter-output>
        </test-method> <!-- setUP -->
        <test-method signature="validateLoginUsingInvalidVredentials()[pri:0, instance:com.naveenAutomation.FrameworkDemo.AccountLoginTest@2a65fe7c]" started-at="2023-07-12T18:29:45 EDT" name="validateLoginUsingInvalidVredentials" finished-at="2023-07-12T18:29:47 EDT" duration-ms="1589" status="PASS">
          <reporter-output>
          </reporter-output>
        </test-method> <!-- validateLoginUsingInvalidVredentials -->
        <test-method is-config="true" signature="setUP()[pri:0, instance:com.naveenAutomation.FrameworkDemo.AccountLoginTest@2a65fe7c]" started-at="2023-07-12T18:29:47 EDT" name="setUP" finished-at="2023-07-12T18:29:54 EDT" duration-ms="6680" status="PASS">
          <reporter-output>
          </reporter-output>
        </test-method> <!-- setUP -->
        <test-method signature="validateLoginUsingValidCredentials()[pri:0, instance:com.naveenAutomation.FrameworkDemo.AccountLoginTest@2a65fe7c]" started-at="2023-07-12T18:29:54 EDT" name="validateLoginUsingValidCredentials" finished-at="2023-07-12T18:29:56 EDT" duration-ms="2563" status="PASS">
          <reporter-output>
          </reporter-output>
        </test-method> <!-- validateLoginUsingValidCredentials -->
      </class> <!-- com.naveenAutomation.FrameworkDemo.AccountLoginTest -->
    </test> <!-- Surefire test -->
  </suite> <!-- Surefire suite -->
</testng-results>
