<?xml version="1.0" encoding="UTF-8"?>
<testng-results ignored="0" total="3" passed="3" failed="0" skipped="0">
  <reporter-output>
  </reporter-output>
  <suite started-at="2023-07-11T17:11:20 EDT" name="Surefire suite" finished-at="2023-07-11T17:11:42 EDT" duration-ms="22220">
    <groups>
    </groups>
    <test started-at="2023-07-11T17:11:20 EDT" name="Surefire test" finished-at="2023-07-11T17:11:42 EDT" duration-ms="22220">
      <class name="com.naveenAutomation.FrameworkDemo.YourStoreTest">
        <test-method is-config="true" signature="setUpLogger()[pri:0, instance:com.naveenAutomation.FrameworkDemo.YourStoreTest@4562e04d]" started-at="2023-07-11T17:11:36 EDT" name="setUpLogger" finished-at="2023-07-11T17:11:36 EDT" duration-ms="3" status="PASS">
          <reporter-output>
          </reporter-output>
        </test-method> <!-- setUpLogger -->
        <test-method is-config="true" signature="setUP()[pri:0, instance:com.naveenAutomation.FrameworkDemo.YourStoreTest@4562e04d]" started-at="2023-07-11T17:11:36 EDT" name="setUP" finished-at="2023-07-11T17:11:42 EDT" duration-ms="5237" status="PASS">
          <reporter-output>
          </reporter-output>
        </test-method> <!-- setUP -->
        <test-method signature="ValidateLogin()[pri:0, instance:com.naveenAutomation.FrameworkDemo.YourStoreTest@4562e04d]" started-at="2023-07-11T17:11:42 EDT" name="ValidateLogin" finished-at="2023-07-11T17:11:42 EDT" duration-ms="766" status="PASS">
          <reporter-output>
          </reporter-output>
        </test-method> <!-- ValidateLogin -->
      </class> <!-- com.naveenAutomation.FrameworkDemo.YourStoreTest -->
      <class name="com.naveenAutomation.FrameworkDemo.AccountLoginTest">
        <test-method is-config="true" signature="setUpLogger()[pri:0, instance:com.naveenAutomation.FrameworkDemo.AccountLoginTest@313ac989]" started-at="2023-07-11T17:11:20 EDT" name="setUpLogger" finished-at="2023-07-11T17:11:20 EDT" duration-ms="101" status="PASS">
          <reporter-output>
          </reporter-output>
        </test-method> <!-- setUpLogger -->
        <test-method is-config="true" signature="setUP()[pri:0, instance:com.naveenAutomation.FrameworkDemo.AccountLoginTest@313ac989]" started-at="2023-07-11T17:11:20 EDT" name="setUP" finished-at="2023-07-11T17:11:28 EDT" duration-ms="7287" status="PASS">
          <reporter-output>
          </reporter-output>
        </test-method> <!-- setUP -->
        <test-method signature="validateLoginUsingInvalidVredentials()[pri:0, instance:com.naveenAutomation.FrameworkDemo.AccountLoginTest@313ac989]" started-at="2023-07-11T17:11:28 EDT" name="validateLoginUsingInvalidVredentials" finished-at="2023-07-11T17:11:29 EDT" duration-ms="1530" status="PASS">
          <reporter-output>
          </reporter-output>
        </test-method> <!-- validateLoginUsingInvalidVredentials -->
        <test-method is-config="true" signature="setUP()[pri:0, instance:com.naveenAutomation.FrameworkDemo.AccountLoginTest@313ac989]" started-at="2023-07-11T17:11:29 EDT" name="setUP" finished-at="2023-07-11T17:11:34 EDT" duration-ms="5219" status="PASS">
          <reporter-output>
          </reporter-output>
        </test-method> <!-- setUP -->
        <test-method signature="validateLoginUsingValidCredentials()[pri:0, instance:com.naveenAutomation.FrameworkDemo.AccountLoginTest@313ac989]" started-at="2023-07-11T17:11:34 EDT" name="validateLoginUsingValidCredentials" finished-at="2023-07-11T17:11:36 EDT" duration-ms="2038" status="PASS">
          <reporter-output>
          </reporter-output>
        </test-method> <!-- validateLoginUsingValidCredentials -->
      </class> <!-- com.naveenAutomation.FrameworkDemo.AccountLoginTest -->
    </test> <!-- Surefire test -->
  </suite> <!-- Surefire suite -->
</testng-results>
