<?xml version="1.0" encoding="UTF-8"?>
<testsuite xmlns:xsi="http://www.w3.org/2001/XMLSchema-instance" xsi:noNamespaceSchemaLocation="https://maven.apache.org/surefire/maven-surefire-plugin/xsd/surefire-test-report.xsd" name="TestSuite" time="26.17" tests="3" errors="0" skipped="0" failures="0">
  <properties>
[...]
</properties>
  <testcase name="validateLoginUsingInvalidVredentials" classname="com.naveenAutomation.FrameworkDemo.AccountLoginTest" time="1.59"/>
  <testcase name="validateLoginUsingValidCredentials" classname="com.naveenAutomation.FrameworkDemo.AccountLoginTest" time="2.562"/>
  <testcase name="ValidateLogin" classname="com.naveenAutomation.FrameworkDemo.YourStoreTest" time="0.666"/>
</testsuite>